#
# There is insufficient memory for the Java Runtime Environment to continue.
# Native memory allocation (mmap) failed to map 257949696 bytes for G1 virtual space
# Possible reasons:
#   The system is out of physical RAM or swap space
#   The process is running with CompressedOops enabled, and the Java Heap may be blocking the growth of the native heap
# Possible solutions:
#   Reduce memory load on the system
#   Increase physical memory or swap space
#   Check if swap backing store is full
#   Decrease Java heap size (-Xmx/-Xms)
#   Decrease number of Java threads
#   Decrease Java thread stack sizes (-Xss)
#   Set larger code cache with -XX:ReservedCodeCacheSize=
#   JVM is running with Zero Based Compressed Oops mode in which the Java heap is
#     placed in the first 32GB address space. The Java Heap base address is the
#     maximum limit for the native heap growth. Please use -XX:HeapBaseMinAddress
#     to set the Java Heap base and to place the Java Heap above 32GB virtual address.
# This output file may be truncated or incomplete.
#
#  Out of Memory Error (os_windows.cpp:3603), pid=18232, tid=7460
#
# JRE version:  (21.0.8+12) (build )
# Java VM: Java HotSpot(TM) 64-Bit Server VM (21.0.8+12-LTS-250, mixed mode, sharing, tiered, compressed oops, compressed class ptrs, g1 gc, windows-amd64)
# No core dump will be written. Minidumps are not enabled by default on client versions of Windows
#

---------------  S U M M A R Y ------------

Command Line: 

Host: AMD Ryzen 5 5600H with Radeon Graphics         , 12 cores, 15G,  Windows 11 , 64 bit Build 26100 (10.0.26100.4768)
Time: Wed Sep 10 11:26:40 2025 India Standard Time elapsed time: 1.195421 seconds (0d 0h 0m 1s)

---------------  T H R E A D  ---------------

Current thread (0x0000024a5fe3ea50):  JavaThread "Unknown thread" [_thread_in_vm, id=7460, stack(0x000000d4e7d00000,0x000000d4e7e00000) (1024K)]

Stack: [0x000000d4e7d00000,0x000000d4e7e00000]
Native frames: (J=compiled Java code, j=interpreted, Vv=VM code, C=native code)
V  [jvm.dll+0x6cc179]
V  [jvm.dll+0x8584c1]
V  [jvm.dll+0x85a9ee]
V  [jvm.dll+0x85b0c3]
V  [jvm.dll+0x27ebf6]
V  [jvm.dll+0x6c88f5]
V  [jvm.dll+0x6bd45a]
V  [jvm.dll+0x354b1a]
V  [jvm.dll+0x35c796]
V  [jvm.dll+0x3af85e]
V  [jvm.dll+0x3afb08]
V  [jvm.dll+0x328e2c]
V  [jvm.dll+0x32998b]
V  [jvm.dll+0x821879]
V  [jvm.dll+0x3bc541]
V  [jvm.dll+0x80aaf8]
V  [jvm.dll+0x45172e]
V  [jvm.dll+0x453321]
C  [jli.dll+0x52a3]
C  [ucrtbase.dll+0x37b0]
C  [KERNEL32.DLL+0x2e8d7]
C  [ntdll.dll+0x3c34c]


---------------  P R O C E S S  ---------------

Threads class SMR info:
_java_thread_list=0x00007ff95895fc48, length=0, elements={
}

Java Threads: ( => current thread )
Total: 0

Other Threads:
  0x0000024a5fe9d490 WorkerThread "GC Thread#0"                     [id=20376, stack(0x000000d4e7e00000,0x000000d4e7f00000) (1024K)]
  0x0000024a5feafc80 ConcurrentGCThread "G1 Main Marker"            [id=3060, stack(0x000000d4e7f00000,0x000000d4e8000000) (1024K)]
  0x0000024a5feb0f20 WorkerThread "G1 Conc#0"                       [id=20636, stack(0x000000d4e8000000,0x000000d4e8100000) (1024K)]

[error occurred during error reporting (printing all threads), id 0xc0000005, EXCEPTION_ACCESS_VIOLATION (0xc0000005) at pc=0x00007ff9580cb5b7]
VM state: not at safepoint (not fully initialized)

VM Mutex/Monitor currently owned by a thread:  ([mutex/lock_event])
[0x00007ff9589d0f50] Heap_lock - owner thread: 0x0000024a5fe3ea50

Heap address: 0x000000070a800000, size: 3928 MB, Compressed Oops mode: Zero based, Oop shift amount: 3

CDS archive(s) mapped at: [0x0000000000000000-0x0000000000000000-0x0000000000000000), size 0, SharedBaseAddress: 0x0000000800000000, ArchiveRelocationMode: 1.
Narrow klass base: 0x0000000000000000, Narrow klass shift: 0, Narrow klass range: 0x0

GC Precious Log:
 CardTable entry size: 512
 Card Set container configuration: InlinePtr #cards 4 size 8 Array Of Cards #cards 16 size 48 Howl #buckets 8 coarsen threshold 3686 Howl Bitmap #cards 512 size 80 coarsen threshold 460 Card regions per heap region 1 cards per card region 4096

Heap:
 garbage-first heap   total 0K, used 0K [0x000000070a800000, 0x0000000800000000)
  region size 2048K, 0 young (0K), 0 survivors (0K)

[error occurred during error reporting (printing heap information), id 0xc0000005, EXCEPTION_ACCESS_VIOLATION (0xc0000005) at pc=0x00007ff9584b51e9]
GC Heap History (0 events):
No events

Dll operation events (1 events):
Event: 0.011 Loaded shared library C:\Program Files\Java\jdk-21\bin\java.dll

Deoptimization events (0 events):
No events

Classes loaded (0 events):
No events

Classes unloaded (0 events):
No events

Classes redefined (0 events):
No events

Internal exceptions (0 events):
No events

ZGC Phase Switch (0 events):
No events

VM Operations (0 events):
No events

Events (0 events):
No events


Dynamic libraries:
0x00007ff7d7dd0000 - 0x00007ff7d7de0000 	C:\Program Files\Java\jdk-21\bin\java.exe
0x00007ffa3d0c0000 - 0x00007ffa3d327000 	C:\WINDOWS\SYSTEM32\ntdll.dll
0x00007ffa3af60000 - 0x00007ffa3b029000 	C:\WINDOWS\System32\KERNEL32.DLL
0x00007ffa3a7e0000 - 0x00007ffa3abd0000 	C:\WINDOWS\System32\KERNELBASE.dll
0x00007ffa3a330000 - 0x00007ffa3a47b000 	C:\WINDOWS\System32\ucrtbase.dll
0x00007ffa02e20000 - 0x00007ffa02e3b000 	C:\Program Files\Java\jdk-21\bin\VCRUNTIME140.dll
0x00007ffa04060000 - 0x00007ffa04079000 	C:\Program Files\Java\jdk-21\bin\jli.dll
0x00007ffa3c4a0000 - 0x00007ffa3c554000 	C:\WINDOWS\System32\ADVAPI32.dll
0x00007ffa3c590000 - 0x00007ffa3c639000 	C:\WINDOWS\System32\msvcrt.dll
0x00007ffa3cec0000 - 0x00007ffa3cf66000 	C:\WINDOWS\System32\sechost.dll
0x00007ffa3c380000 - 0x00007ffa3c498000 	C:\WINDOWS\System32\RPCRT4.dll
0x00007ffa3cc80000 - 0x00007ffa3ce45000 	C:\WINDOWS\System32\USER32.dll
0x00007ffa3abe0000 - 0x00007ffa3ac07000 	C:\WINDOWS\System32\win32u.dll
0x00007ffa3c560000 - 0x00007ffa3c58b000 	C:\WINDOWS\System32\GDI32.dll
0x00007ffa1ba50000 - 0x00007ffa1bcea000 	C:\WINDOWS\WinSxS\amd64_microsoft.windows.common-controls_6595b64144ccf1df_6.0.26100.4768_none_3e0c112ce331287c\COMCTL32.dll
0x00007ffa3a6a0000 - 0x00007ffa3a7d8000 	C:\WINDOWS\System32\gdi32full.dll
0x00007ffa3a1f0000 - 0x00007ffa3a293000 	C:\WINDOWS\System32\msvcp_win.dll
0x00007ffa32580000 - 0x00007ffa3258b000 	C:\WINDOWS\SYSTEM32\VERSION.dll
0x00007ffa3cbc0000 - 0x00007ffa3cbef000 	C:\WINDOWS\System32\IMM32.DLL
0x00007ffa2ce50000 - 0x00007ffa2ce5c000 	C:\Program Files\Java\jdk-21\bin\vcruntime140_1.dll
0x00007ff9bfb00000 - 0x00007ff9bfb8e000 	C:\Program Files\Java\jdk-21\bin\msvcp140.dll
0x00007ff957d90000 - 0x00007ff958aad000 	C:\Program Files\Java\jdk-21\bin\server\jvm.dll
0x00007ffa3c300000 - 0x00007ffa3c374000 	C:\WINDOWS\System32\WS2_32.dll
0x00007ffa3a050000 - 0x00007ffa3a0ae000 	C:\WINDOWS\SYSTEM32\POWRPROF.dll
0x00007ffa32540000 - 0x00007ffa32575000 	C:\WINDOWS\SYSTEM32\WINMM.dll
0x00007ffa3a030000 - 0x00007ffa3a044000 	C:\WINDOWS\SYSTEM32\UMPDC.dll
0x00007ffa38f70000 - 0x00007ffa38f8b000 	C:\WINDOWS\SYSTEM32\kernel.appcore.dll
0x00007ffa2c930000 - 0x00007ffa2c93a000 	C:\Program Files\Java\jdk-21\bin\jimage.dll
0x00007ffa2d3f0000 - 0x00007ffa2d631000 	C:\WINDOWS\SYSTEM32\DBGHELP.DLL
0x00007ffa3bf70000 - 0x00007ffa3c2f5000 	C:\WINDOWS\System32\combase.dll
0x00007ffa3cad0000 - 0x00007ffa3cbb0000 	C:\WINDOWS\System32\OLEAUT32.dll
0x00007ffa16a20000 - 0x00007ffa16a63000 	C:\WINDOWS\SYSTEM32\dbgcore.DLL
0x00007ffa3a480000 - 0x00007ffa3a519000 	C:\WINDOWS\System32\bcryptPrimitives.dll
0x00007ffa14020000 - 0x00007ffa1403f000 	C:\Program Files\Java\jdk-21\bin\java.dll

dbghelp: loaded successfully - version: 4.0.5 - missing functions: none
symbol engine: initialized successfully - sym options: 0x614 - pdb path: .;C:\Program Files\Java\jdk-21\bin;C:\WINDOWS\SYSTEM32;C:\WINDOWS\WinSxS\amd64_microsoft.windows.common-controls_6595b64144ccf1df_6.0.26100.4768_none_3e0c112ce331287c;C:\Program Files\Java\jdk-21\bin\server

VM Arguments:
java_command: <unknown>
java_class_path (initial): <not set>
Launcher Type: SUN_STANDARD

[Global flags]
     intx CICompilerCount                          = 4                                         {product} {ergonomic}
     uint ConcGCThreads                            = 3                                         {product} {ergonomic}
     uint G1ConcRefinementThreads                  = 10                                        {product} {ergonomic}
   size_t G1HeapRegionSize                         = 2097152                                   {product} {ergonomic}
    uintx GCDrainStackTargetSize                   = 64                                        {product} {ergonomic}
   size_t InitialHeapSize                          = 257949696                                 {product} {ergonomic}
   size_t MarkStackSize                            = 4194304                                   {product} {ergonomic}
   size_t MaxHeapSize                              = 4118806528                                {product} {ergonomic}
   size_t MinHeapDeltaBytes                        = 2097152                                   {product} {ergonomic}
   size_t MinHeapSize                              = 8388608                                   {product} {ergonomic}
    uintx NonNMethodCodeHeapSize                   = 5839372                                {pd product} {ergonomic}
    uintx NonProfiledCodeHeapSize                  = 122909434                              {pd product} {ergonomic}
    uintx ProfiledCodeHeapSize                     = 122909434                              {pd product} {ergonomic}
    uintx ReservedCodeCacheSize                    = 251658240                              {pd product} {ergonomic}
     bool SegmentedCodeCache                       = true                                      {product} {ergonomic}
   size_t SoftMaxHeapSize                          = 4118806528                             {manageable} {ergonomic}
     bool UseCompressedOops                        = true                           {product lp64_product} {ergonomic}
     bool UseG1GC                                  = true                                      {product} {ergonomic}
     bool UseLargePagesIndividualAllocation        = false                                  {pd product} {ergonomic}

Logging:
Log output configuration:
 #0: stdout all=warning uptime,level,tags foldmultilines=false
 #1: stderr all=off uptime,level,tags foldmultilines=false

Environment Variables:
PATH=C:\Users\hp\Documents\Project\Party_App\PartyMenuApp\node_modules\.bin;C:\Users\hp\Documents\Project\Party_App\PartyMenuApp\node_modules\.bin;C:\Users\hp\Documents\Project\Party_App\node_modules\.bin;C:\Users\hp\Documents\Project\node_modules\.bin;C:\Users\hp\Documents\node_modules\.bin;C:\Users\hp\node_modules\.bin;C:\Users\node_modules\.bin;C:\node_modules\.bin;C:\Program Files\nodejs\node_modules\npm\node_modules\@npmcli\run-script\lib\node-gyp-bin;C:\Program Files\Common Files\Oracle\Java\javapath;C:\Users\hp\AppData\Local\Programs\Python\Python312\Scripts\;C:\Users\hp\AppData\Local\Programs\Python\Python312\;C:\windows\system32;C:\windows;C:\windows\System32\Wbem;C:\windows\System32\WindowsPowerShell\v1.0\;C:\windows\System32\OpenSSH\;C:\Program Files (x86)\NVIDIA Corporation\PhysX\Common;C:\Program Files\NVIDIA Corporation\NVIDIA NvDLISR;C:\MinGW\bin;C:\Program Files\MongoDB\mongosh-2.1.3-win32-x64\bin;C:\Program Files\nodejs\node_modules\npm;C:\Program Files\HP\HP One Agent;C:\Users\hp\Desktop\Gpg4win\..\GnuPG\bin;C:\ProgramData\chocolatey\bin;C:\WINDOWS\system32;C:\WINDOWS;C:\WINDOWS\System32\Wbem;C:\WINDOWS\System32\WindowsPowerShell\v1.0\;C:\WINDOWS\System32\OpenSSH\;C:\Program Files\nodejs\;C:\Program Files\Git\cmd;C:\Program Files\Git;C:\Program Files\dotnet\;C:\Program Files\dotnet;C:\Program Files\Java\jdk-21\bin;C:\Program Files\MySQL\MySQL Server 8.0\bin;C:\Program Files\MySQL\MySQL Server 8.0\bin;C:\Users\hp\AppData\Local\Android\Sdk;C:\Users\hp\AppData\Local\Android\Sdk\platform-tools;C:\Users\hp\AppData\Local\Android\Sdk\emulator;C:\Users\hp\AppData\Local\Android\Sdk\tools\bin;C:\Program Files\MySQL\MySQL Shell 8.0\bin\;C:\Program Files\MySQL\MySQL Shell 8.0\bin;C:\Users\hp\AppData\Local\Microsoft\WindowsApps;C:\Users\hp\AppData\Local\Programs\Microsoft VS Code\bin;C:\MinGW\bin;C:\Program Files\JetBrains\PyCharm Community Edition 2023.2.3\bin;;C:\Program Files\nodejs\;C:\Program Files\nodejs\node_modules\npm;C:\Users\hp\AppData\Roaming\npm;C:\Users\hp\.dotnet\tools;C:\Program Files (x86)\Nmap;C:\Users\hp\AppData\Local\Programs\cursor\resources\app\bin;C:\Users\hp\.lmstudio\bin
USERNAME=hp
LANG=en_US.UTF-8
OS=Windows_NT
PROCESSOR_IDENTIFIER=AMD64 Family 25 Model 80 Stepping 0, AuthenticAMD
TMP=C:\Users\hp\AppData\Local\Temp
TEMP=C:\Users\hp\AppData\Local\Temp




Periodic native trim disabled

---------------  S Y S T E M  ---------------

OS:
 Windows 11 , 64 bit Build 26100 (10.0.26100.4768)
OS uptime: 0 days 2:28 hours
Hyper-V role detected

CPU: total 12 (initial active 12) (12 cores per cpu, 2 threads per core) family 25 model 80 stepping 0 microcode 0xa500011, cx8, cmov, fxsr, ht, mmx, 3dnowpref, sse, sse2, sse3, ssse3, sse4a, sse4.1, sse4.2, popcnt, lzcnt, tsc, tscinvbit, avx, avx2, aes, erms, clmul, bmi1, bmi2, adx, sha, fma, vzeroupper, clflush, clflushopt, hv, rdtscp, rdpid, fsrm, f16c, cet_ss
Processor Information for processor 0
  Max Mhz: 3301, Current Mhz: 3301, Mhz Limit: 3301
Processor Information for processor 1
  Max Mhz: 3301, Current Mhz: 1805, Mhz Limit: 3301
Processor Information for processor 2
  Max Mhz: 3301, Current Mhz: 3301, Mhz Limit: 3301
Processor Information for processor 3
  Max Mhz: 3301, Current Mhz: 1805, Mhz Limit: 3301
Processor Information for processor 4
  Max Mhz: 3301, Current Mhz: 3301, Mhz Limit: 3301
Processor Information for processor 5
  Max Mhz: 3301, Current Mhz: 3301, Mhz Limit: 3301
Processor Information for processor 6
  Max Mhz: 3301, Current Mhz: 1805, Mhz Limit: 3301
Processor Information for processor 7
  Max Mhz: 3301, Current Mhz: 3301, Mhz Limit: 3301
Processor Information for processor 8
  Max Mhz: 3301, Current Mhz: 3301, Mhz Limit: 3301
Processor Information for processor 9
  Max Mhz: 3301, Current Mhz: 3301, Mhz Limit: 3301
Processor Information for processor 10
  Max Mhz: 3301, Current Mhz: 3301, Mhz Limit: 3301
Processor Information for processor 11
  Max Mhz: 3301, Current Mhz: 3301, Mhz Limit: 3301

Memory: 4k page, system-wide physical 15710M (4798M free)
TotalPageFile size 15710M (AvailPageFile size 5M)
current process WorkingSet (physical memory assigned to process): 12M, peak: 12M
current process commit charge ("private bytes"): 64M, peak: 310M

vm_info: Java HotSpot(TM) 64-Bit Server VM (21.0.8+12-LTS-250) for windows-amd64 JRE (21.0.8+12-LTS-250), built on 2025-06-27T08:11:22Z by "mach5one" with MS VC++ 17.6 (VS2022)

END.
